This file contains any messages produced by compilers while
running configure, to aid debugging if configure makes a mistake.

It was created by Gridlab-D configure 2.2.0.3223M, which was
generated by GNU Autoconf 2.68.  Invocation command line was

  $ ./configure LIBS=-ldl --no-create --no-recursion

## --------- ##
## Platform. ##
## --------- ##

hostname = mikes-laptop
uname -m = i686
uname -r = 3.2.0-24-generic-pae
uname -s = Linux
uname -v = #39-Ubuntu SMP Mon May 21 18:54:21 UTC 2012

/usr/bin/uname -p = unknown
/bin/uname -X     = unknown

/bin/arch              = unknown
/usr/bin/arch -k       = unknown
/usr/convex/getsysinfo = unknown
/usr/bin/hostinfo      = unknown
/bin/machine           = unknown
/usr/bin/oslevel       = unknown
/bin/universe          = unknown

PATH: /usr/lib/lightdm/lightdm
PATH: /usr/local/sbin
PATH: /usr/local/bin
PATH: /usr/sbin
PATH: /usr/bin
PATH: /sbin
PATH: /bin
PATH: /usr/games


## ----------- ##
## Core tests. ##
## ----------- ##

configure:2529: checking for a BSD-compatible install
configure:2597: result: /usr/bin/install -c
configure:2608: checking whether build environment is sane
configure:2658: result: yes
configure:2799: checking for a thread-safe mkdir -p
configure:2838: result: /bin/mkdir -p
configure:2851: checking for gawk
configure:2881: result: no
configure:2851: checking for mawk
configure:2867: found /usr/bin/mawk
configure:2878: result: mawk
configure:2889: checking whether make sets $(MAKE)
configure:2911: result: yes
configure:3028: checking build system type
configure:3042: result: i686-pc-linux-gnu
configure:3062: checking host system type
configure:3075: result: i686-pc-linux-gnu
configure:3851: checking for g++
configure:3867: found /usr/bin/g++
configure:3878: result: g++
configure:3905: checking for C++ compiler version
configure:3914: g++ --version >&5
g++ (Ubuntu/Linaro 4.6.3-1ubuntu5) 4.6.3
Copyright (C) 2011 Free Software Foundation, Inc.
This is free software; see the source for copying conditions.  There is NO
warranty; not even for MERCHANTABILITY or FITNESS FOR A PARTICULAR PURPOSE.

configure:3925: $? = 0
configure:3914: g++ -v >&5
Using built-in specs.
COLLECT_GCC=g++
COLLECT_LTO_WRAPPER=/usr/lib/gcc/i686-linux-gnu/4.6/lto-wrapper
Target: i686-linux-gnu
Configured with: ../src/configure -v --with-pkgversion='Ubuntu/Linaro 4.6.3-1ubuntu5' --with-bugurl=file:///usr/share/doc/gcc-4.6/README.Bugs --enable-languages=c,c++,fortran,objc,obj-c++ --prefix=/usr --program-suffix=-4.6 --enable-shared --enable-linker-build-id --with-system-zlib --libexecdir=/usr/lib --without-included-gettext --enable-threads=posix --with-gxx-include-dir=/usr/include/c++/4.6 --libdir=/usr/lib --enable-nls --with-sysroot=/ --enable-clocale=gnu --enable-libstdcxx-debug --enable-libstdcxx-time=yes --enable-gnu-unique-object --enable-plugin --enable-objc-gc --enable-targets=all --disable-werror --with-arch-32=i686 --with-tune=generic --enable-checking=release --build=i686-linux-gnu --host=i686-linux-gnu --target=i686-linux-gnu
Thread model: posix
gcc version 4.6.3 (Ubuntu/Linaro 4.6.3-1ubuntu5) 
configure:3925: $? = 0
configure:3914: g++ -V >&5
g++: error: unrecognized option '-V'
g++: fatal error: no input files
compilation terminated.
configure:3925: $? = 4
configure:3914: g++ -qversion >&5
g++: error: unrecognized option '-qversion'
g++: fatal error: no input files
compilation terminated.
configure:3925: $? = 4
configure:3945: checking whether the C++ compiler works
configure:3967: g++   -I/home/mike/src/gridlab-d/core -g -O0 -march=i686   -I/home/mike/src/gridlab-d/core -g -O0 -march=i686  conftest.cpp -ldl >&5
configure:3971: $? = 0
configure:4019: result: yes
configure:4022: checking for C++ compiler default output file name
configure:4024: result: a.out
configure:4030: checking for suffix of executables
configure:4037: g++ -o conftest   -I/home/mike/src/gridlab-d/core -g -O0 -march=i686   -I/home/mike/src/gridlab-d/core -g -O0 -march=i686  conftest.cpp -ldl >&5
configure:4041: $? = 0
configure:4063: result: 
configure:4085: checking whether we are cross compiling
configure:4093: g++ -o conftest   -I/home/mike/src/gridlab-d/core -g -O0 -march=i686   -I/home/mike/src/gridlab-d/core -g -O0 -march=i686  conftest.cpp -ldl >&5
configure:4097: $? = 0
configure:4104: ./conftest
configure:4108: $? = 0
configure:4123: result: no
configure:4128: checking for suffix of object files
configure:4150: g++ -c   -I/home/mike/src/gridlab-d/core -g -O0 -march=i686   -I/home/mike/src/gridlab-d/core -g -O0 -march=i686 conftest.cpp >&5
configure:4154: $? = 0
configure:4175: result: o
configure:4179: checking whether we are using the GNU C++ compiler
configure:4198: g++ -c   -I/home/mike/src/gridlab-d/core -g -O0 -march=i686   -I/home/mike/src/gridlab-d/core -g -O0 -march=i686 conftest.cpp >&5
configure:4198: $? = 0
configure:4207: result: yes
configure:4216: checking whether g++ accepts -g
configure:4236: g++ -c -g   -I/home/mike/src/gridlab-d/core -g -O0 -march=i686 conftest.cpp >&5
configure:4236: $? = 0
configure:4277: result: yes
configure:4311: checking for style of include used by make
configure:4339: result: GNU
configure:4365: checking dependency style of g++
configure:4476: result: gcc3
configure:4539: checking for gcc
configure:4555: found /usr/bin/gcc
configure:4566: result: gcc
configure:4795: checking for C compiler version
configure:4804: gcc --version >&5
gcc (Ubuntu/Linaro 4.6.3-1ubuntu5) 4.6.3
Copyright (C) 2011 Free Software Foundation, Inc.
This is free software; see the source for copying conditions.  There is NO
warranty; not even for MERCHANTABILITY or FITNESS FOR A PARTICULAR PURPOSE.

configure:4815: $? = 0
configure:4804: gcc -v >&5
Using built-in specs.
COLLECT_GCC=gcc
COLLECT_LTO_WRAPPER=/usr/lib/gcc/i686-linux-gnu/4.6/lto-wrapper
Target: i686-linux-gnu
Configured with: ../src/configure -v --with-pkgversion='Ubuntu/Linaro 4.6.3-1ubuntu5' --with-bugurl=file:///usr/share/doc/gcc-4.6/README.Bugs --enable-languages=c,c++,fortran,objc,obj-c++ --prefix=/usr --program-suffix=-4.6 --enable-shared --enable-linker-build-id --with-system-zlib --libexecdir=/usr/lib --without-included-gettext --enable-threads=posix --with-gxx-include-dir=/usr/include/c++/4.6 --libdir=/usr/lib --enable-nls --with-sysroot=/ --enable-clocale=gnu --enable-libstdcxx-debug --enable-libstdcxx-time=yes --enable-gnu-unique-object --enable-plugin --enable-objc-gc --enable-targets=all --disable-werror --with-arch-32=i686 --with-tune=generic --enable-checking=release --build=i686-linux-gnu --host=i686-linux-gnu --target=i686-linux-gnu
Thread model: posix
gcc version 4.6.3 (Ubuntu/Linaro 4.6.3-1ubuntu5) 
configure:4815: $? = 0
configure:4804: gcc -V >&5
gcc: error: unrecognized option '-V'
gcc: fatal error: no input files
compilation terminated.
configure:4815: $? = 4
configure:4804: gcc -qversion >&5
gcc: error: unrecognized option '-qversion'
gcc: fatal error: no input files
compilation terminated.
configure:4815: $? = 4
configure:4819: checking whether we are using the GNU C compiler
configure:4838: gcc -c   -I/home/mike/src/gridlab-d/core -g -O0 -march=i686   -I/home/mike/src/gridlab-d/core -g -O0 -march=i686 conftest.c >&5
configure:4838: $? = 0
configure:4847: result: yes
configure:4856: checking whether gcc accepts -g
configure:4876: gcc -c -g   -I/home/mike/src/gridlab-d/core -g -O0 -march=i686 conftest.c >&5
configure:4876: $? = 0
configure:4917: result: yes
configure:4934: checking for gcc option to accept ISO C89
configure:4998: gcc  -c   -I/home/mike/src/gridlab-d/core -g -O0 -march=i686   -I/home/mike/src/gridlab-d/core -g -O0 -march=i686 conftest.c >&5
configure:4998: $? = 0
configure:5011: result: none needed
configure:5033: checking dependency style of gcc
configure:5144: result: gcc3
configure:5159: checking whether make sets $(MAKE)
configure:5181: result: yes
configure:5190: checking whether ln -s works
configure:5194: result: yes
configure:5249: checking how to print strings
configure:5276: result: printf
configure:5297: checking for a sed that does not truncate output
configure:5361: result: /bin/sed
configure:5379: checking for grep that handles long lines and -e
configure:5437: result: /bin/grep
configure:5442: checking for egrep
configure:5504: result: /bin/grep -E
configure:5509: checking for fgrep
configure:5571: result: /bin/grep -F
configure:5606: checking for ld used by gcc
configure:5673: result: /usr/bin/ld
configure:5680: checking if the linker (/usr/bin/ld) is GNU ld
configure:5695: result: yes
configure:5707: checking for BSD- or MS-compatible name lister (nm)
configure:5756: result: /usr/bin/nm -B
configure:5886: checking the name lister (/usr/bin/nm -B) interface
configure:5893: gcc -c   -I/home/mike/src/gridlab-d/core -g -O0 -march=i686   -I/home/mike/src/gridlab-d/core -g -O0 -march=i686 conftest.c >&5
configure:5896: /usr/bin/nm -B "conftest.o"
configure:5899: output
00000000 B some_variable
configure:5906: result: BSD nm
configure:5910: checking the maximum length of command line arguments
configure:6040: result: 805306365
configure:6057: checking whether the shell understands some XSI constructs
configure:6067: result: yes
configure:6071: checking whether the shell understands "+="
configure:6077: result: yes
configure:6112: checking how to convert i686-pc-linux-gnu file names to i686-pc-linux-gnu format
configure:6152: result: func_convert_file_noop
configure:6159: checking how to convert i686-pc-linux-gnu file names to toolchain format
configure:6179: result: func_convert_file_noop
configure:6186: checking for /usr/bin/ld option to reload object files
configure:6193: result: -r
configure:6267: checking for objdump
configure:6283: found /usr/bin/objdump
configure:6294: result: objdump
configure:6323: checking how to recognize dependent libraries
configure:6525: result: pass_all
configure:6610: checking for dlltool
configure:6640: result: no
configure:6667: checking how to associate runtime and link libraries
configure:6694: result: printf %s\n
configure:6755: checking for ar
configure:6771: found /usr/bin/ar
configure:6782: result: ar
configure:6819: checking for archiver @FILE support
configure:6836: gcc -c   -I/home/mike/src/gridlab-d/core -g -O0 -march=i686   -I/home/mike/src/gridlab-d/core -g -O0 -march=i686 conftest.c >&5
configure:6836: $? = 0
configure:6839: ar cru libconftest.a @conftest.lst >&5
configure:6842: $? = 0
configure:6847: ar cru libconftest.a @conftest.lst >&5
ar: conftest.o: No such file or directory
configure:6850: $? = 1
configure:6862: result: @
configure:6920: checking for strip
configure:6936: found /usr/bin/strip
configure:6947: result: strip
configure:7019: checking for ranlib
configure:7035: found /usr/bin/ranlib
configure:7046: result: ranlib
configure:7148: checking command to parse /usr/bin/nm -B output from gcc object
configure:7268: gcc -c   -I/home/mike/src/gridlab-d/core -g -O0 -march=i686   -I/home/mike/src/gridlab-d/core -g -O0 -march=i686 conftest.c >&5
configure:7271: $? = 0
configure:7275: /usr/bin/nm -B conftest.o \| sed -n -e 's/^.*[ ]\([ABCDGIRSTW][ABCDGIRSTW]*\)[ ][ ]*\([_A-Za-z][_A-Za-z0-9]*\)$/\1 \2 \2/p' | sed '/ __gnu_lto/d' \> conftest.nm
configure:7278: $? = 0
configure:7344: gcc -o conftest   -I/home/mike/src/gridlab-d/core -g -O0 -march=i686   -I/home/mike/src/gridlab-d/core -g -O0 -march=i686  conftest.c conftstm.o >&5
configure:7347: $? = 0
configure:7385: result: ok
configure:7422: checking for sysroot
configure:7452: result: no
configure:7708: checking for mt
configure:7724: found /bin/mt
configure:7735: result: mt
configure:7758: checking if mt is a manifest tool
configure:7764: mt '-?'
configure:7772: result: no
configure:8414: checking how to run the C preprocessor
configure:8445: gcc -E   -I/home/mike/src/gridlab-d/core -g -O0 -march=i686 conftest.c
configure:8445: $? = 0
configure:8459: gcc -E   -I/home/mike/src/gridlab-d/core -g -O0 -march=i686 conftest.c
conftest.c:13:28: fatal error: ac_nonexistent.h: No such file or directory
compilation terminated.
configure:8459: $? = 1
configure: failed program was:
| /* confdefs.h */
| #define PACKAGE_NAME "Gridlab-D"
| #define PACKAGE_TARNAME "gridlabd"
| #define PACKAGE_VERSION "2.2.0.3223M"
| #define PACKAGE_STRING "Gridlab-D 2.2.0.3223M"
| #define PACKAGE_BUGREPORT "David Chassin <david.chassin@pnl.gov>"
| #define PACKAGE_URL ""
| #define PACKAGE "gridlabd"
| #define VERSION "2.2.0.3223M"
| #define REALTIME_LDFLAGS "-export-all-symbols"
| #define DLEXT ".so"
| /* end confdefs.h.  */
| #include <ac_nonexistent.h>
configure:8484: result: gcc -E
configure:8504: gcc -E   -I/home/mike/src/gridlab-d/core -g -O0 -march=i686 conftest.c
configure:8504: $? = 0
configure:8518: gcc -E   -I/home/mike/src/gridlab-d/core -g -O0 -march=i686 conftest.c
conftest.c:13:28: fatal error: ac_nonexistent.h: No such file or directory
compilation terminated.
configure:8518: $? = 1
configure: failed program was:
| /* confdefs.h */
| #define PACKAGE_NAME "Gridlab-D"
| #define PACKAGE_TARNAME "gridlabd"
| #define PACKAGE_VERSION "2.2.0.3223M"
| #define PACKAGE_STRING "Gridlab-D 2.2.0.3223M"
| #define PACKAGE_BUGREPORT "David Chassin <david.chassin@pnl.gov>"
| #define PACKAGE_URL ""
| #define PACKAGE "gridlabd"
| #define VERSION "2.2.0.3223M"
| #define REALTIME_LDFLAGS "-export-all-symbols"
| #define DLEXT ".so"
| /* end confdefs.h.  */
| #include <ac_nonexistent.h>
configure:8547: checking for ANSI C header files
configure:8567: gcc -c   -I/home/mike/src/gridlab-d/core -g -O0 -march=i686   -I/home/mike/src/gridlab-d/core -g -O0 -march=i686 conftest.c >&5
configure:8567: $? = 0
configure:8640: gcc -o conftest   -I/home/mike/src/gridlab-d/core -g -O0 -march=i686   -I/home/mike/src/gridlab-d/core -g -O0 -march=i686  conftest.c -ldl >&5
configure:8640: $? = 0
configure:8640: ./conftest
configure:8640: $? = 0
configure:8651: result: yes
configure:8664: checking for sys/types.h
configure:8664: gcc -c   -I/home/mike/src/gridlab-d/core -g -O0 -march=i686   -I/home/mike/src/gridlab-d/core -g -O0 -march=i686 conftest.c >&5
configure:8664: $? = 0
configure:8664: result: yes
configure:8664: checking for sys/stat.h
configure:8664: gcc -c   -I/home/mike/src/gridlab-d/core -g -O0 -march=i686   -I/home/mike/src/gridlab-d/core -g -O0 -march=i686 conftest.c >&5
configure:8664: $? = 0
configure:8664: result: yes
configure:8664: checking for stdlib.h
configure:8664: gcc -c   -I/home/mike/src/gridlab-d/core -g -O0 -march=i686   -I/home/mike/src/gridlab-d/core -g -O0 -march=i686 conftest.c >&5
configure:8664: $? = 0
configure:8664: result: yes
configure:8664: checking for string.h
configure:8664: gcc -c   -I/home/mike/src/gridlab-d/core -g -O0 -march=i686   -I/home/mike/src/gridlab-d/core -g -O0 -march=i686 conftest.c >&5
configure:8664: $? = 0
configure:8664: result: yes
configure:8664: checking for memory.h
configure:8664: gcc -c   -I/home/mike/src/gridlab-d/core -g -O0 -march=i686   -I/home/mike/src/gridlab-d/core -g -O0 -march=i686 conftest.c >&5
configure:8664: $? = 0
configure:8664: result: yes
configure:8664: checking for strings.h
configure:8664: gcc -c   -I/home/mike/src/gridlab-d/core -g -O0 -march=i686   -I/home/mike/src/gridlab-d/core -g -O0 -march=i686 conftest.c >&5
configure:8664: $? = 0
configure:8664: result: yes
configure:8664: checking for inttypes.h
configure:8664: gcc -c   -I/home/mike/src/gridlab-d/core -g -O0 -march=i686   -I/home/mike/src/gridlab-d/core -g -O0 -march=i686 conftest.c >&5
configure:8664: $? = 0
configure:8664: result: yes
configure:8664: checking for stdint.h
configure:8664: gcc -c   -I/home/mike/src/gridlab-d/core -g -O0 -march=i686   -I/home/mike/src/gridlab-d/core -g -O0 -march=i686 conftest.c >&5
configure:8664: $? = 0
configure:8664: result: yes
configure:8664: checking for unistd.h
configure:8664: gcc -c   -I/home/mike/src/gridlab-d/core -g -O0 -march=i686   -I/home/mike/src/gridlab-d/core -g -O0 -march=i686 conftest.c >&5
configure:8664: $? = 0
configure:8664: result: yes
configure:8678: checking for dlfcn.h
configure:8678: gcc -c   -I/home/mike/src/gridlab-d/core -g -O0 -march=i686   -I/home/mike/src/gridlab-d/core -g -O0 -march=i686 conftest.c >&5
configure:8678: $? = 0
configure:8678: result: yes
configure:8863: checking for objdir
configure:8878: result: .libs
configure:9149: checking if gcc supports -fno-rtti -fno-exceptions
configure:9167: gcc -c   -I/home/mike/src/gridlab-d/core -g -O0 -march=i686   -I/home/mike/src/gridlab-d/core -g -O0 -march=i686 -fno-rtti -fno-exceptions conftest.c >&5
cc1: warning: command line option '-fno-rtti' is valid for C++/ObjC++ but not for C [enabled by default]
configure:9171: $? = 0
configure:9184: result: no
configure:9511: checking for gcc option to produce PIC
configure:9518: result: -fPIC -DPIC
configure:9526: checking if gcc PIC flag -fPIC -DPIC works
configure:9544: gcc -c   -I/home/mike/src/gridlab-d/core -g -O0 -march=i686   -I/home/mike/src/gridlab-d/core -g -O0 -march=i686 -fPIC -DPIC -DPIC conftest.c >&5
configure:9548: $? = 0
configure:9561: result: yes
configure:9590: checking if gcc static flag -static works
configure:9618: result: yes
configure:9633: checking if gcc supports -c -o file.o
configure:9654: gcc -c   -I/home/mike/src/gridlab-d/core -g -O0 -march=i686   -I/home/mike/src/gridlab-d/core -g -O0 -march=i686 -o out/conftest2.o conftest.c >&5
configure:9658: $? = 0
configure:9680: result: yes
configure:9688: checking if gcc supports -c -o file.o
configure:9735: result: yes
configure:9768: checking whether the gcc linker (/usr/bin/ld) supports shared libraries
configure:10925: result: yes
configure:10962: checking whether -lc should be explicitly linked in
configure:10970: gcc -c   -I/home/mike/src/gridlab-d/core -g -O0 -march=i686   -I/home/mike/src/gridlab-d/core -g -O0 -march=i686 conftest.c >&5
configure:10973: $? = 0
configure:10988: gcc -shared  -fPIC -DPIC conftest.o  -v -Wl,-soname -Wl,conftest -o conftest 2\>\&1 \| /bin/grep  -lc  \>/dev/null 2\>\&1
configure:10991: $? = 0
configure:11005: result: no
configure:11165: checking dynamic linker characteristics
configure:11676: gcc -o conftest   -I/home/mike/src/gridlab-d/core -g -O0 -march=i686   -I/home/mike/src/gridlab-d/core -g -O0 -march=i686  -Wl,-rpath -Wl,/foo conftest.c -ldl >&5
configure:11676: $? = 0
configure:11910: result: GNU/Linux ld.so
configure:12017: checking how to hardcode library paths into programs
configure:12042: result: immediate
configure:12582: checking whether stripping libraries is possible
configure:12587: result: yes
configure:12622: checking if libtool supports shared libraries
configure:12624: result: yes
configure:12627: checking whether to build shared libraries
configure:12648: result: yes
configure:12651: checking whether to build static libraries
configure:12655: result: no
configure:12678: checking how to run the C++ preprocessor
configure:12705: g++ -E   -I/home/mike/src/gridlab-d/core -g -O0 -march=i686 conftest.cpp
configure:12705: $? = 0
configure:12719: g++ -E   -I/home/mike/src/gridlab-d/core -g -O0 -march=i686 conftest.cpp
conftest.cpp:25:28: fatal error: ac_nonexistent.h: No such file or directory
compilation terminated.
configure:12719: $? = 1
configure: failed program was:
| /* confdefs.h */
| #define PACKAGE_NAME "Gridlab-D"
| #define PACKAGE_TARNAME "gridlabd"
| #define PACKAGE_VERSION "2.2.0.3223M"
| #define PACKAGE_STRING "Gridlab-D 2.2.0.3223M"
| #define PACKAGE_BUGREPORT "David Chassin <david.chassin@pnl.gov>"
| #define PACKAGE_URL ""
| #define PACKAGE "gridlabd"
| #define VERSION "2.2.0.3223M"
| #define REALTIME_LDFLAGS "-export-all-symbols"
| #define DLEXT ".so"
| #define STDC_HEADERS 1
| #define HAVE_SYS_TYPES_H 1
| #define HAVE_SYS_STAT_H 1
| #define HAVE_STDLIB_H 1
| #define HAVE_STRING_H 1
| #define HAVE_MEMORY_H 1
| #define HAVE_STRINGS_H 1
| #define HAVE_INTTYPES_H 1
| #define HAVE_STDINT_H 1
| #define HAVE_UNISTD_H 1
| #define HAVE_DLFCN_H 1
| #define LT_OBJDIR ".libs/"
| /* end confdefs.h.  */
| #include <ac_nonexistent.h>
configure:12744: result: g++ -E
configure:12764: g++ -E   -I/home/mike/src/gridlab-d/core -g -O0 -march=i686 conftest.cpp
configure:12764: $? = 0
configure:12778: g++ -E   -I/home/mike/src/gridlab-d/core -g -O0 -march=i686 conftest.cpp
conftest.cpp:25:28: fatal error: ac_nonexistent.h: No such file or directory
compilation terminated.
configure:12778: $? = 1
configure: failed program was:
| /* confdefs.h */
| #define PACKAGE_NAME "Gridlab-D"
| #define PACKAGE_TARNAME "gridlabd"
| #define PACKAGE_VERSION "2.2.0.3223M"
| #define PACKAGE_STRING "Gridlab-D 2.2.0.3223M"
| #define PACKAGE_BUGREPORT "David Chassin <david.chassin@pnl.gov>"
| #define PACKAGE_URL ""
| #define PACKAGE "gridlabd"
| #define VERSION "2.2.0.3223M"
| #define REALTIME_LDFLAGS "-export-all-symbols"
| #define DLEXT ".so"
| #define STDC_HEADERS 1
| #define HAVE_SYS_TYPES_H 1
| #define HAVE_SYS_STAT_H 1
| #define HAVE_STDLIB_H 1
| #define HAVE_STRING_H 1
| #define HAVE_MEMORY_H 1
| #define HAVE_STRINGS_H 1
| #define HAVE_INTTYPES_H 1
| #define HAVE_STDINT_H 1
| #define HAVE_UNISTD_H 1
| #define HAVE_DLFCN_H 1
| #define LT_OBJDIR ".libs/"
| /* end confdefs.h.  */
| #include <ac_nonexistent.h>
configure:12947: checking for ld used by g++
configure:13014: result: /usr/bin/ld
configure:13021: checking if the linker (/usr/bin/ld) is GNU ld
configure:13036: result: yes
configure:13091: checking whether the g++ linker (/usr/bin/ld) supports shared libraries
configure:14096: result: yes
configure:14132: g++ -c   -I/home/mike/src/gridlab-d/core -g -O0 -march=i686   -I/home/mike/src/gridlab-d/core -g -O0 -march=i686 conftest.cpp >&5
configure:14135: $? = 0
configure:14655: checking for g++ option to produce PIC
configure:14662: result: -fPIC -DPIC
configure:14670: checking if g++ PIC flag -fPIC -DPIC works
configure:14688: g++ -c   -I/home/mike/src/gridlab-d/core -g -O0 -march=i686   -I/home/mike/src/gridlab-d/core -g -O0 -march=i686 -fPIC -DPIC -DPIC conftest.cpp >&5
configure:14692: $? = 0
configure:14705: result: yes
configure:14728: checking if g++ static flag -static works
configure:14756: result: yes
configure:14768: checking if g++ supports -c -o file.o
configure:14789: g++ -c   -I/home/mike/src/gridlab-d/core -g -O0 -march=i686   -I/home/mike/src/gridlab-d/core -g -O0 -march=i686 -o out/conftest2.o conftest.cpp >&5
configure:14793: $? = 0
configure:14815: result: yes
configure:14820: checking if g++ supports -c -o file.o
configure:14867: result: yes
configure:14897: checking whether the g++ linker (/usr/bin/ld) supports shared libraries
configure:14936: result: yes
configure:15077: checking dynamic linker characteristics
configure:15756: result: GNU/Linux ld.so
configure:15809: checking how to hardcode library paths into programs
configure:15834: result: immediate
configure:16067: checking for the pthreads library -lpthreads
configure:16100: gcc -o conftest   -I/home/mike/src/gridlab-d/core -g -O0 -march=i686    -I/home/mike/src/gridlab-d/core -g -O0 -march=i686  -Wl,--no-undefined conftest.c -lpthreads -ldl >&5
/usr/bin/ld: cannot find -lpthreads
collect2: ld returned 1 exit status
configure:16100: $? = 1
configure: failed program was:
| /* confdefs.h */
| #define PACKAGE_NAME "Gridlab-D"
| #define PACKAGE_TARNAME "gridlabd"
| #define PACKAGE_VERSION "2.2.0.3223M"
| #define PACKAGE_STRING "Gridlab-D 2.2.0.3223M"
| #define PACKAGE_BUGREPORT "David Chassin <david.chassin@pnl.gov>"
| #define PACKAGE_URL ""
| #define PACKAGE "gridlabd"
| #define VERSION "2.2.0.3223M"
| #define REALTIME_LDFLAGS "-export-all-symbols"
| #define DLEXT ".so"
| #define STDC_HEADERS 1
| #define HAVE_SYS_TYPES_H 1
| #define HAVE_SYS_STAT_H 1
| #define HAVE_STDLIB_H 1
| #define HAVE_STRING_H 1
| #define HAVE_MEMORY_H 1
| #define HAVE_STRINGS_H 1
| #define HAVE_INTTYPES_H 1
| #define HAVE_STDINT_H 1
| #define HAVE_UNISTD_H 1
| #define HAVE_DLFCN_H 1
| #define LT_OBJDIR ".libs/"
| /* end confdefs.h.  */
| #include <pthread.h>
| int
| main ()
| {
| pthread_t th; pthread_join(th, 0);
|                      pthread_attr_init(0); pthread_cleanup_push(0, 0);
|                      pthread_create(0,0,0,0); pthread_cleanup_pop(0);
|   ;
|   return 0;
| }
configure:16109: result: no
configure:16012: checking whether pthreads work without any flags
configure:16100: gcc -o conftest   -I/home/mike/src/gridlab-d/core -g -O0 -march=i686    -I/home/mike/src/gridlab-d/core -g -O0 -march=i686  -Wl,--no-undefined conftest.c  -ldl >&5
/tmp/ccCkxl6Z.o: In function `main':
/home/mike/src/gridlab-d/conftest.c:29: undefined reference to `pthread_join'
/home/mike/src/gridlab-d/conftest.c:30: undefined reference to `__pthread_register_cancel'
/home/mike/src/gridlab-d/conftest.c:31: undefined reference to `pthread_create'
/home/mike/src/gridlab-d/conftest.c:31: undefined reference to `__pthread_unregister_cancel'
collect2: ld returned 1 exit status
configure:16100: $? = 1
configure: failed program was:
| /* confdefs.h */
| #define PACKAGE_NAME "Gridlab-D"
| #define PACKAGE_TARNAME "gridlabd"
| #define PACKAGE_VERSION "2.2.0.3223M"
| #define PACKAGE_STRING "Gridlab-D 2.2.0.3223M"
| #define PACKAGE_BUGREPORT "David Chassin <david.chassin@pnl.gov>"
| #define PACKAGE_URL ""
| #define PACKAGE "gridlabd"
| #define VERSION "2.2.0.3223M"
| #define REALTIME_LDFLAGS "-export-all-symbols"
| #define DLEXT ".so"
| #define STDC_HEADERS 1
| #define HAVE_SYS_TYPES_H 1
| #define HAVE_SYS_STAT_H 1
| #define HAVE_STDLIB_H 1
| #define HAVE_STRING_H 1
| #define HAVE_MEMORY_H 1
| #define HAVE_STRINGS_H 1
| #define HAVE_INTTYPES_H 1
| #define HAVE_STDINT_H 1
| #define HAVE_UNISTD_H 1
| #define HAVE_DLFCN_H 1
| #define LT_OBJDIR ".libs/"
| /* end confdefs.h.  */
| #include <pthread.h>
| int
| main ()
| {
| pthread_t th; pthread_join(th, 0);
|                      pthread_attr_init(0); pthread_cleanup_push(0, 0);
|                      pthread_create(0,0,0,0); pthread_cleanup_pop(0);
|   ;
|   return 0;
| }
configure:16109: result: no
configure:16017: checking whether pthreads work with -Kthread
configure:16100: gcc -o conftest   -I/home/mike/src/gridlab-d/core -g -O0 -march=i686 -Kthread   -I/home/mike/src/gridlab-d/core -g -O0 -march=i686  -Wl,--no-undefined conftest.c  -ldl >&5
gcc: error: unrecognized option '-Kthread'
configure:16100: $? = 1
configure: failed program was:
| /* confdefs.h */
| #define PACKAGE_NAME "Gridlab-D"
| #define PACKAGE_TARNAME "gridlabd"
| #define PACKAGE_VERSION "2.2.0.3223M"
| #define PACKAGE_STRING "Gridlab-D 2.2.0.3223M"
| #define PACKAGE_BUGREPORT "David Chassin <david.chassin@pnl.gov>"
| #define PACKAGE_URL ""
| #define PACKAGE "gridlabd"
| #define VERSION "2.2.0.3223M"
| #define REALTIME_LDFLAGS "-export-all-symbols"
| #define DLEXT ".so"
| #define STDC_HEADERS 1
| #define HAVE_SYS_TYPES_H 1
| #define HAVE_SYS_STAT_H 1
| #define HAVE_STDLIB_H 1
| #define HAVE_STRING_H 1
| #define HAVE_MEMORY_H 1
| #define HAVE_STRINGS_H 1
| #define HAVE_INTTYPES_H 1
| #define HAVE_STDINT_H 1
| #define HAVE_UNISTD_H 1
| #define HAVE_DLFCN_H 1
| #define LT_OBJDIR ".libs/"
| /* end confdefs.h.  */
| #include <pthread.h>
| int
| main ()
| {
| pthread_t th; pthread_join(th, 0);
|                      pthread_attr_init(0); pthread_cleanup_push(0, 0);
|                      pthread_create(0,0,0,0); pthread_cleanup_pop(0);
|   ;
|   return 0;
| }
configure:16109: result: no
configure:16017: checking whether pthreads work with -kthread
configure:16100: gcc -o conftest   -I/home/mike/src/gridlab-d/core -g -O0 -march=i686 -kthread   -I/home/mike/src/gridlab-d/core -g -O0 -march=i686  -Wl,--no-undefined conftest.c  -ldl >&5
gcc: error: unrecognized option '-kthread'
configure:16100: $? = 1
configure: failed program was:
| /* confdefs.h */
| #define PACKAGE_NAME "Gridlab-D"
| #define PACKAGE_TARNAME "gridlabd"
| #define PACKAGE_VERSION "2.2.0.3223M"
| #define PACKAGE_STRING "Gridlab-D 2.2.0.3223M"
| #define PACKAGE_BUGREPORT "David Chassin <david.chassin@pnl.gov>"
| #define PACKAGE_URL ""
| #define PACKAGE "gridlabd"
| #define VERSION "2.2.0.3223M"
| #define REALTIME_LDFLAGS "-export-all-symbols"
| #define DLEXT ".so"
| #define STDC_HEADERS 1
| #define HAVE_SYS_TYPES_H 1
| #define HAVE_SYS_STAT_H 1
| #define HAVE_STDLIB_H 1
| #define HAVE_STRING_H 1
| #define HAVE_MEMORY_H 1
| #define HAVE_STRINGS_H 1
| #define HAVE_INTTYPES_H 1
| #define HAVE_STDINT_H 1
| #define HAVE_UNISTD_H 1
| #define HAVE_DLFCN_H 1
| #define LT_OBJDIR ".libs/"
| /* end confdefs.h.  */
| #include <pthread.h>
| int
| main ()
| {
| pthread_t th; pthread_join(th, 0);
|                      pthread_attr_init(0); pthread_cleanup_push(0, 0);
|                      pthread_create(0,0,0,0); pthread_cleanup_pop(0);
|   ;
|   return 0;
| }
configure:16109: result: no
configure:16067: checking for the pthreads library -llthread
configure:16100: gcc -o conftest   -I/home/mike/src/gridlab-d/core -g -O0 -march=i686    -I/home/mike/src/gridlab-d/core -g -O0 -march=i686  -Wl,--no-undefined conftest.c -llthread -ldl >&5
/usr/bin/ld: cannot find -llthread
collect2: ld returned 1 exit status
configure:16100: $? = 1
configure: failed program was:
| /* confdefs.h */
| #define PACKAGE_NAME "Gridlab-D"
| #define PACKAGE_TARNAME "gridlabd"
| #define PACKAGE_VERSION "2.2.0.3223M"
| #define PACKAGE_STRING "Gridlab-D 2.2.0.3223M"
| #define PACKAGE_BUGREPORT "David Chassin <david.chassin@pnl.gov>"
| #define PACKAGE_URL ""
| #define PACKAGE "gridlabd"
| #define VERSION "2.2.0.3223M"
| #define REALTIME_LDFLAGS "-export-all-symbols"
| #define DLEXT ".so"
| #define STDC_HEADERS 1
| #define HAVE_SYS_TYPES_H 1
| #define HAVE_SYS_STAT_H 1
| #define HAVE_STDLIB_H 1
| #define HAVE_STRING_H 1
| #define HAVE_MEMORY_H 1
| #define HAVE_STRINGS_H 1
| #define HAVE_INTTYPES_H 1
| #define HAVE_STDINT_H 1
| #define HAVE_UNISTD_H 1
| #define HAVE_DLFCN_H 1
| #define LT_OBJDIR ".libs/"
| /* end confdefs.h.  */
| #include <pthread.h>
| int
| main ()
| {
| pthread_t th; pthread_join(th, 0);
|                      pthread_attr_init(0); pthread_cleanup_push(0, 0);
|                      pthread_create(0,0,0,0); pthread_cleanup_pop(0);
|   ;
|   return 0;
| }
configure:16109: result: no
configure:16017: checking whether pthreads work with -pthread
configure:16100: gcc -o conftest   -I/home/mike/src/gridlab-d/core -g -O0 -march=i686 -pthread   -I/home/mike/src/gridlab-d/core -g -O0 -march=i686  -Wl,--no-undefined conftest.c  -ldl >&5
configure:16100: $? = 0
configure:16109: result: yes
configure:16128: checking for joinable pthread attribute
configure:16143: gcc -o conftest   -I/home/mike/src/gridlab-d/core -g -O0 -march=i686 -pthread   -I/home/mike/src/gridlab-d/core -g -O0 -march=i686  -Wl,--no-undefined conftest.c  -ldl >&5
configure:16143: $? = 0
configure:16149: result: PTHREAD_CREATE_JOINABLE
configure:16159: checking if more special flags are required for pthreads
configure:16166: result: no
configure:16338: checking for Xerces C++ Parser headers in /usr/include and /usr/include/xercesc
configure:16363: g++ -c   -I/home/mike/src/gridlab-d/core -g -O0 -march=i686   -I/home/mike/src/gridlab-d/core -g -O0 -march=i686 -I/usr/include -I/usr/include/xercesc conftest.cpp >&5
configure:16363: $? = 0
configure:16367: result: found
configure:16388: checking for Xerces C++ Parser libraries
configure:16418: g++ -o conftest   -I/home/mike/src/gridlab-d/core -g -O0 -march=i686   -I/home/mike/src/gridlab-d/core -g -O0 -march=i686 -I/usr/include -I/usr/include/xercesc  -Wl,--no-undefined -L/usr/lib  conftest.cpp -lxerces-c  -ldl >&5
configure:16418: $? = 0
configure:16423: result: found
configure:16449: checking for Xerces C++ Parser
configure:16464: result: yes
configure:16473: checking if Xerces C++ Parser version is >= 2.7
configure:16510: result: yes
configure:16639: checking for doxygen
configure:16672: result: no
configure:16692: WARNING: doxygen not found - will not generate any doxygen documentation
configure:16745: checking for perl
configure:16763: found /usr/bin/perl
configure:16775: result: /usr/bin/perl
configure:18467: checking if compiler has __sync_bool_compare_and_swap builtin
configure:18481: gcc -o conftest   -I/home/mike/src/gridlab-d/core -g -O0 -march=i686   -I/home/mike/src/gridlab-d/core -g -O0 -march=i686  -Wl,--no-undefined conftest.c -ldl >&5
configure:18481: $? = 0
configure:18488: result: yes
configure:18501: checking if compiler has __sync_add_and_fetch builtin
configure:18515: gcc -o conftest   -I/home/mike/src/gridlab-d/core -g -O0 -march=i686   -I/home/mike/src/gridlab-d/core -g -O0 -march=i686  -Wl,--no-undefined conftest.c -ldl >&5
configure:18515: $? = 0
configure:18522: result: yes
configure:18570: checking for cppunit-config
configure:18601: result: no
configure:18611: checking for Cppunit - version >= 1.12
configure:18615: result: no
configure:18725: checking for ANSI C header files
configure:18829: result: yes
configure:18840: checking malloc.h usability
configure:18840: gcc -c   -I/home/mike/src/gridlab-d/core -g -O0 -march=i686   -I/home/mike/src/gridlab-d/core -g -O0 -march=i686 -D_NO_CPPUNIT conftest.c >&5
configure:18840: $? = 0
configure:18840: result: yes
configure:18840: checking malloc.h presence
configure:18840: gcc -E   -I/home/mike/src/gridlab-d/core -g -O0 -march=i686 -D_NO_CPPUNIT conftest.c
configure:18840: $? = 0
configure:18840: result: yes
configure:18840: checking for malloc.h
configure:18840: result: yes
configure:18840: checking for memory.h
configure:18840: result: yes
configure:18840: checking for stdlib.h
configure:18840: result: yes
configure:18840: checking for string.h
configure:18840: result: yes
configure:18840: checking for unistd.h
configure:18840: result: yes
configure:18852: checking for stdbool.h that conforms to C99
configure:18919: gcc -c   -I/home/mike/src/gridlab-d/core -g -O0 -march=i686   -I/home/mike/src/gridlab-d/core -g -O0 -march=i686 -D_NO_CPPUNIT conftest.c >&5
configure:18919: $? = 0
configure:18926: result: yes
configure:18928: checking for _Bool
configure:18928: gcc -c   -I/home/mike/src/gridlab-d/core -g -O0 -march=i686   -I/home/mike/src/gridlab-d/core -g -O0 -march=i686 -D_NO_CPPUNIT conftest.c >&5
configure:18928: $? = 0
configure:18928: gcc -c   -I/home/mike/src/gridlab-d/core -g -O0 -march=i686   -I/home/mike/src/gridlab-d/core -g -O0 -march=i686 -D_NO_CPPUNIT conftest.c >&5
conftest.c: In function 'main':
conftest.c:70:20: error: expected expression before ')' token
configure:18928: $? = 1
configure: failed program was:
| /* confdefs.h */
| #define PACKAGE_NAME "Gridlab-D"
| #define PACKAGE_TARNAME "gridlabd"
| #define PACKAGE_VERSION "2.2.0.3223M"
| #define PACKAGE_STRING "Gridlab-D 2.2.0.3223M"
| #define PACKAGE_BUGREPORT "David Chassin <david.chassin@pnl.gov>"
| #define PACKAGE_URL ""
| #define PACKAGE "gridlabd"
| #define VERSION "2.2.0.3223M"
| #define REALTIME_LDFLAGS "-export-all-symbols"
| #define DLEXT ".so"
| #define STDC_HEADERS 1
| #define HAVE_SYS_TYPES_H 1
| #define HAVE_SYS_STAT_H 1
| #define HAVE_STDLIB_H 1
| #define HAVE_STRING_H 1
| #define HAVE_MEMORY_H 1
| #define HAVE_STRINGS_H 1
| #define HAVE_INTTYPES_H 1
| #define HAVE_STDINT_H 1
| #define HAVE_UNISTD_H 1
| #define HAVE_DLFCN_H 1
| #define LT_OBJDIR ".libs/"
| #define HAVE_PTHREAD 1
| #define HAVE___SYNC_BOOL_COMPARE_AND_SWAP 1
| #define HAVE___SYNC_ADD_AND_FETCH 1
| #define STDC_HEADERS 1
| #define HAVE_MALLOC_H 1
| #define HAVE_MEMORY_H 1
| #define HAVE_STDLIB_H 1
| #define HAVE_STRING_H 1
| #define HAVE_UNISTD_H 1
| /* end confdefs.h.  */
| #include <stdio.h>
| #ifdef HAVE_SYS_TYPES_H
| # include <sys/types.h>
| #endif
| #ifdef HAVE_SYS_STAT_H
| # include <sys/stat.h>
| #endif
| #ifdef STDC_HEADERS
| # include <stdlib.h>
| # include <stddef.h>
| #else
| # ifdef HAVE_STDLIB_H
| #  include <stdlib.h>
| # endif
| #endif
| #ifdef HAVE_STRING_H
| # if !defined STDC_HEADERS && defined HAVE_MEMORY_H
| #  include <memory.h>
| # endif
| # include <string.h>
| #endif
| #ifdef HAVE_STRINGS_H
| # include <strings.h>
| #endif
| #ifdef HAVE_INTTYPES_H
| # include <inttypes.h>
| #endif
| #ifdef HAVE_STDINT_H
| # include <stdint.h>
| #endif
| #ifdef HAVE_UNISTD_H
| # include <unistd.h>
| #endif
| int
| main ()
| {
| if (sizeof ((_Bool)))
| 	    return 0;
|   ;
|   return 0;
| }
configure:18928: result: yes
configure:18944: checking for an ANSI C-conforming const
configure:19009: gcc -c   -I/home/mike/src/gridlab-d/core -g -O0 -march=i686   -I/home/mike/src/gridlab-d/core -g -O0 -march=i686 -D_NO_CPPUNIT conftest.c >&5
configure:19009: $? = 0
configure:19016: result: yes
configure:19024: checking for inline
configure:19040: gcc -c   -I/home/mike/src/gridlab-d/core -g -O0 -march=i686   -I/home/mike/src/gridlab-d/core -g -O0 -march=i686 -D_NO_CPPUNIT conftest.c >&5
configure:19040: $? = 0
configure:19048: result: inline
configure:19066: checking whether struct tm is in sys/time.h or time.h
configure:19086: gcc -c   -I/home/mike/src/gridlab-d/core -g -O0 -march=i686   -I/home/mike/src/gridlab-d/core -g -O0 -march=i686 -D_NO_CPPUNIT conftest.c >&5
configure:19086: $? = 0
configure:19093: result: time.h
configure:19105: checking for stdlib.h
configure:19105: result: yes
configure:19115: checking for GNU libc compatible malloc
configure:19139: gcc -o conftest   -I/home/mike/src/gridlab-d/core -g -O0 -march=i686   -I/home/mike/src/gridlab-d/core -g -O0 -march=i686 -D_NO_CPPUNIT  -Wl,--no-undefined conftest.c -ldl >&5
configure:19139: $? = 0
configure:19139: ./conftest
configure:19139: $? = 0
configure:19149: result: yes
configure:19170: checking whether time.h and sys/time.h may both be included
configure:19190: gcc -c   -I/home/mike/src/gridlab-d/core -g -O0 -march=i686   -I/home/mike/src/gridlab-d/core -g -O0 -march=i686 -D_NO_CPPUNIT conftest.c >&5
configure:19190: $? = 0
configure:19197: result: yes
configure:19211: checking for sys/time.h
configure:19211: gcc -c   -I/home/mike/src/gridlab-d/core -g -O0 -march=i686   -I/home/mike/src/gridlab-d/core -g -O0 -march=i686 -D_NO_CPPUNIT conftest.c >&5
configure:19211: $? = 0
configure:19211: result: yes
configure:19211: checking for unistd.h
configure:19211: result: yes
configure:19232: checking for alarm
configure:19232: gcc -o conftest   -I/home/mike/src/gridlab-d/core -g -O0 -march=i686   -I/home/mike/src/gridlab-d/core -g -O0 -march=i686 -D_NO_CPPUNIT  -Wl,--no-undefined conftest.c -ldl >&5
configure:19232: $? = 0
configure:19232: result: yes
configure:19245: checking for working mktime
configure:19447: gcc -o conftest   -I/home/mike/src/gridlab-d/core -g -O0 -march=i686   -I/home/mike/src/gridlab-d/core -g -O0 -march=i686 -D_NO_CPPUNIT  -Wl,--no-undefined conftest.c -ldl >&5
configure:19447: $? = 0
configure:19447: ./conftest
configure:19447: $? = 0
configure:19457: result: yes
configure:19470: checking for stdlib.h
configure:19470: result: yes
configure:19480: checking for GNU libc compatible realloc
configure:19504: gcc -o conftest   -I/home/mike/src/gridlab-d/core -g -O0 -march=i686   -I/home/mike/src/gridlab-d/core -g -O0 -march=i686 -D_NO_CPPUNIT  -Wl,--no-undefined conftest.c -ldl >&5
configure:19504: $? = 0
configure:19504: ./conftest
configure:19504: $? = 0
configure:19514: result: yes
configure:19537: checking for strftime
configure:19537: gcc -o conftest   -I/home/mike/src/gridlab-d/core -g -O0 -march=i686   -I/home/mike/src/gridlab-d/core -g -O0 -march=i686 -D_NO_CPPUNIT  -Wl,--no-undefined conftest.c -ldl >&5
conftest.c:67:6: warning: conflicting types for built-in function 'strftime' [enabled by default]
configure:19537: $? = 0
configure:19537: result: yes
configure:19592: checking for vprintf
configure:19592: gcc -o conftest   -I/home/mike/src/gridlab-d/core -g -O0 -march=i686   -I/home/mike/src/gridlab-d/core -g -O0 -march=i686 -D_NO_CPPUNIT  -Wl,--no-undefined conftest.c -ldl >&5
conftest.c:68:6: warning: conflicting types for built-in function 'vprintf' [enabled by default]
configure:19592: $? = 0
configure:19592: result: yes
configure:19598: checking for _doprnt
configure:19598: gcc -o conftest   -I/home/mike/src/gridlab-d/core -g -O0 -march=i686   -I/home/mike/src/gridlab-d/core -g -O0 -march=i686 -D_NO_CPPUNIT  -Wl,--no-undefined conftest.c -ldl >&5
/tmp/ccpEYKoC.o: In function `main':
/home/mike/src/gridlab-d/conftest.c:80: undefined reference to `_doprnt'
collect2: ld returned 1 exit status
configure:19598: $? = 1
configure: failed program was:
| /* confdefs.h */
| #define PACKAGE_NAME "Gridlab-D"
| #define PACKAGE_TARNAME "gridlabd"
| #define PACKAGE_VERSION "2.2.0.3223M"
| #define PACKAGE_STRING "Gridlab-D 2.2.0.3223M"
| #define PACKAGE_BUGREPORT "David Chassin <david.chassin@pnl.gov>"
| #define PACKAGE_URL ""
| #define PACKAGE "gridlabd"
| #define VERSION "2.2.0.3223M"
| #define REALTIME_LDFLAGS "-export-all-symbols"
| #define DLEXT ".so"
| #define STDC_HEADERS 1
| #define HAVE_SYS_TYPES_H 1
| #define HAVE_SYS_STAT_H 1
| #define HAVE_STDLIB_H 1
| #define HAVE_STRING_H 1
| #define HAVE_MEMORY_H 1
| #define HAVE_STRINGS_H 1
| #define HAVE_INTTYPES_H 1
| #define HAVE_STDINT_H 1
| #define HAVE_UNISTD_H 1
| #define HAVE_DLFCN_H 1
| #define LT_OBJDIR ".libs/"
| #define HAVE_PTHREAD 1
| #define HAVE___SYNC_BOOL_COMPARE_AND_SWAP 1
| #define HAVE___SYNC_ADD_AND_FETCH 1
| #define STDC_HEADERS 1
| #define HAVE_MALLOC_H 1
| #define HAVE_MEMORY_H 1
| #define HAVE_STDLIB_H 1
| #define HAVE_STRING_H 1
| #define HAVE_UNISTD_H 1
| #define HAVE__BOOL 1
| #define HAVE_STDBOOL_H 1
| #define HAVE_STDLIB_H 1
| #define HAVE_MALLOC 1
| #define TIME_WITH_SYS_TIME 1
| #define HAVE_SYS_TIME_H 1
| #define HAVE_UNISTD_H 1
| #define HAVE_ALARM 1
| #define HAVE_STDLIB_H 1
| #define HAVE_REALLOC 1
| #define HAVE_STRFTIME 1
| #define HAVE_VPRINTF 1
| /* end confdefs.h.  */
| /* Define _doprnt to an innocuous variant, in case <limits.h> declares _doprnt.
|    For example, HP-UX 11i <limits.h> declares gettimeofday.  */
| #define _doprnt innocuous__doprnt
| 
| /* System header to define __stub macros and hopefully few prototypes,
|     which can conflict with char _doprnt (); below.
|     Prefer <limits.h> to <assert.h> if __STDC__ is defined, since
|     <limits.h> exists even on freestanding compilers.  */
| 
| #ifdef __STDC__
| # include <limits.h>
| #else
| # include <assert.h>
| #endif
| 
| #undef _doprnt
| 
| /* Override any GCC internal prototype to avoid an error.
|    Use char because int might match the return type of a GCC
|    builtin and then its argument prototype would still apply.  */
| #ifdef __cplusplus
| extern "C"
| #endif
| char _doprnt ();
| /* The GNU C library defines this for functions which it implements
|     to always fail with ENOSYS.  Some functions are actually named
|     something starting with __ and the normal name is an alias.  */
| #if defined __stub__doprnt || defined __stub____doprnt
| choke me
| #endif
| 
| int
| main ()
| {
| return _doprnt ();
|   ;
|   return 0;
| }
configure:19598: result: no
configure:19612: checking for isfinite
configure:19612: gcc -o conftest   -I/home/mike/src/gridlab-d/core -g -O0 -march=i686   -I/home/mike/src/gridlab-d/core -g -O0 -march=i686 -D_NO_CPPUNIT  -Wl,--no-undefined conftest.c -ldl >&5
/tmp/ccGll1CI.o: In function `main':
/home/mike/src/gridlab-d/conftest.c:80: undefined reference to `isfinite'
collect2: ld returned 1 exit status
configure:19612: $? = 1
configure: failed program was:
| /* confdefs.h */
| #define PACKAGE_NAME "Gridlab-D"
| #define PACKAGE_TARNAME "gridlabd"
| #define PACKAGE_VERSION "2.2.0.3223M"
| #define PACKAGE_STRING "Gridlab-D 2.2.0.3223M"
| #define PACKAGE_BUGREPORT "David Chassin <david.chassin@pnl.gov>"
| #define PACKAGE_URL ""
| #define PACKAGE "gridlabd"
| #define VERSION "2.2.0.3223M"
| #define REALTIME_LDFLAGS "-export-all-symbols"
| #define DLEXT ".so"
| #define STDC_HEADERS 1
| #define HAVE_SYS_TYPES_H 1
| #define HAVE_SYS_STAT_H 1
| #define HAVE_STDLIB_H 1
| #define HAVE_STRING_H 1
| #define HAVE_MEMORY_H 1
| #define HAVE_STRINGS_H 1
| #define HAVE_INTTYPES_H 1
| #define HAVE_STDINT_H 1
| #define HAVE_UNISTD_H 1
| #define HAVE_DLFCN_H 1
| #define LT_OBJDIR ".libs/"
| #define HAVE_PTHREAD 1
| #define HAVE___SYNC_BOOL_COMPARE_AND_SWAP 1
| #define HAVE___SYNC_ADD_AND_FETCH 1
| #define STDC_HEADERS 1
| #define HAVE_MALLOC_H 1
| #define HAVE_MEMORY_H 1
| #define HAVE_STDLIB_H 1
| #define HAVE_STRING_H 1
| #define HAVE_UNISTD_H 1
| #define HAVE__BOOL 1
| #define HAVE_STDBOOL_H 1
| #define HAVE_STDLIB_H 1
| #define HAVE_MALLOC 1
| #define TIME_WITH_SYS_TIME 1
| #define HAVE_SYS_TIME_H 1
| #define HAVE_UNISTD_H 1
| #define HAVE_ALARM 1
| #define HAVE_STDLIB_H 1
| #define HAVE_REALLOC 1
| #define HAVE_STRFTIME 1
| #define HAVE_VPRINTF 1
| /* end confdefs.h.  */
| /* Define isfinite to an innocuous variant, in case <limits.h> declares isfinite.
|    For example, HP-UX 11i <limits.h> declares gettimeofday.  */
| #define isfinite innocuous_isfinite
| 
| /* System header to define __stub macros and hopefully few prototypes,
|     which can conflict with char isfinite (); below.
|     Prefer <limits.h> to <assert.h> if __STDC__ is defined, since
|     <limits.h> exists even on freestanding compilers.  */
| 
| #ifdef __STDC__
| # include <limits.h>
| #else
| # include <assert.h>
| #endif
| 
| #undef isfinite
| 
| /* Override any GCC internal prototype to avoid an error.
|    Use char because int might match the return type of a GCC
|    builtin and then its argument prototype would still apply.  */
| #ifdef __cplusplus
| extern "C"
| #endif
| char isfinite ();
| /* The GNU C library defines this for functions which it implements
|     to always fail with ENOSYS.  Some functions are actually named
|     something starting with __ and the normal name is an alias.  */
| #if defined __stub_isfinite || defined __stub___isfinite
| choke me
| #endif
| 
| int
| main ()
| {
| return isfinite ();
|   ;
|   return 0;
| }
configure:19612: result: no
configure:19612: checking for atexit
configure:19612: gcc -o conftest   -I/home/mike/src/gridlab-d/core -g -O0 -march=i686   -I/home/mike/src/gridlab-d/core -g -O0 -march=i686 -D_NO_CPPUNIT  -Wl,--no-undefined conftest.c -ldl >&5
configure:19612: $? = 0
configure:19612: result: yes
configure:19612: checking for getcwd
configure:19612: gcc -o conftest   -I/home/mike/src/gridlab-d/core -g -O0 -march=i686   -I/home/mike/src/gridlab-d/core -g -O0 -march=i686 -D_NO_CPPUNIT  -Wl,--no-undefined conftest.c -ldl >&5
configure:19612: $? = 0
configure:19612: result: yes
configure:19612: checking for memset
configure:19612: gcc -o conftest   -I/home/mike/src/gridlab-d/core -g -O0 -march=i686   -I/home/mike/src/gridlab-d/core -g -O0 -march=i686 -D_NO_CPPUNIT  -Wl,--no-undefined conftest.c -ldl >&5
conftest.c:71:6: warning: conflicting types for built-in function 'memset' [enabled by default]
configure:19612: $? = 0
configure:19612: result: yes
configure:19612: checking for pow
configure:19612: gcc -o conftest   -I/home/mike/src/gridlab-d/core -g -O0 -march=i686   -I/home/mike/src/gridlab-d/core -g -O0 -march=i686 -D_NO_CPPUNIT  -Wl,--no-undefined conftest.c -ldl >&5
conftest.c:72:6: warning: conflicting types for built-in function 'pow' [enabled by default]
/tmp/ccSGSOtf.o: In function `main':
/home/mike/src/gridlab-d/conftest.c:83: undefined reference to `pow'
collect2: ld returned 1 exit status
configure:19612: $? = 1
configure: failed program was:
| /* confdefs.h */
| #define PACKAGE_NAME "Gridlab-D"
| #define PACKAGE_TARNAME "gridlabd"
| #define PACKAGE_VERSION "2.2.0.3223M"
| #define PACKAGE_STRING "Gridlab-D 2.2.0.3223M"
| #define PACKAGE_BUGREPORT "David Chassin <david.chassin@pnl.gov>"
| #define PACKAGE_URL ""
| #define PACKAGE "gridlabd"
| #define VERSION "2.2.0.3223M"
| #define REALTIME_LDFLAGS "-export-all-symbols"
| #define DLEXT ".so"
| #define STDC_HEADERS 1
| #define HAVE_SYS_TYPES_H 1
| #define HAVE_SYS_STAT_H 1
| #define HAVE_STDLIB_H 1
| #define HAVE_STRING_H 1
| #define HAVE_MEMORY_H 1
| #define HAVE_STRINGS_H 1
| #define HAVE_INTTYPES_H 1
| #define HAVE_STDINT_H 1
| #define HAVE_UNISTD_H 1
| #define HAVE_DLFCN_H 1
| #define LT_OBJDIR ".libs/"
| #define HAVE_PTHREAD 1
| #define HAVE___SYNC_BOOL_COMPARE_AND_SWAP 1
| #define HAVE___SYNC_ADD_AND_FETCH 1
| #define STDC_HEADERS 1
| #define HAVE_MALLOC_H 1
| #define HAVE_MEMORY_H 1
| #define HAVE_STDLIB_H 1
| #define HAVE_STRING_H 1
| #define HAVE_UNISTD_H 1
| #define HAVE__BOOL 1
| #define HAVE_STDBOOL_H 1
| #define HAVE_STDLIB_H 1
| #define HAVE_MALLOC 1
| #define TIME_WITH_SYS_TIME 1
| #define HAVE_SYS_TIME_H 1
| #define HAVE_UNISTD_H 1
| #define HAVE_ALARM 1
| #define HAVE_STDLIB_H 1
| #define HAVE_REALLOC 1
| #define HAVE_STRFTIME 1
| #define HAVE_VPRINTF 1
| #define HAVE_ATEXIT 1
| #define HAVE_GETCWD 1
| #define HAVE_MEMSET 1
| /* end confdefs.h.  */
| /* Define pow to an innocuous variant, in case <limits.h> declares pow.
|    For example, HP-UX 11i <limits.h> declares gettimeofday.  */
| #define pow innocuous_pow
| 
| /* System header to define __stub macros and hopefully few prototypes,
|     which can conflict with char pow (); below.
|     Prefer <limits.h> to <assert.h> if __STDC__ is defined, since
|     <limits.h> exists even on freestanding compilers.  */
| 
| #ifdef __STDC__
| # include <limits.h>
| #else
| # include <assert.h>
| #endif
| 
| #undef pow
| 
| /* Override any GCC internal prototype to avoid an error.
|    Use char because int might match the return type of a GCC
|    builtin and then its argument prototype would still apply.  */
| #ifdef __cplusplus
| extern "C"
| #endif
| char pow ();
| /* The GNU C library defines this for functions which it implements
|     to always fail with ENOSYS.  Some functions are actually named
|     something starting with __ and the normal name is an alias.  */
| #if defined __stub_pow || defined __stub___pow
| choke me
| #endif
| 
| int
| main ()
| {
| return pow ();
|   ;
|   return 0;
| }
configure:19612: result: no
configure:19612: checking for putenv
configure:19612: gcc -o conftest   -I/home/mike/src/gridlab-d/core -g -O0 -march=i686   -I/home/mike/src/gridlab-d/core -g -O0 -march=i686 -D_NO_CPPUNIT  -Wl,--no-undefined conftest.c -ldl >&5
configure:19612: $? = 0
configure:19612: result: yes
configure:19612: checking for sqrt
configure:19612: gcc -o conftest   -I/home/mike/src/gridlab-d/core -g -O0 -march=i686   -I/home/mike/src/gridlab-d/core -g -O0 -march=i686 -D_NO_CPPUNIT  -Wl,--no-undefined conftest.c -ldl >&5
conftest.c:73:6: warning: conflicting types for built-in function 'sqrt' [enabled by default]
/tmp/ccx5bHCj.o: In function `main':
/home/mike/src/gridlab-d/conftest.c:84: undefined reference to `sqrt'
collect2: ld returned 1 exit status
configure:19612: $? = 1
configure: failed program was:
| /* confdefs.h */
| #define PACKAGE_NAME "Gridlab-D"
| #define PACKAGE_TARNAME "gridlabd"
| #define PACKAGE_VERSION "2.2.0.3223M"
| #define PACKAGE_STRING "Gridlab-D 2.2.0.3223M"
| #define PACKAGE_BUGREPORT "David Chassin <david.chassin@pnl.gov>"
| #define PACKAGE_URL ""
| #define PACKAGE "gridlabd"
| #define VERSION "2.2.0.3223M"
| #define REALTIME_LDFLAGS "-export-all-symbols"
| #define DLEXT ".so"
| #define STDC_HEADERS 1
| #define HAVE_SYS_TYPES_H 1
| #define HAVE_SYS_STAT_H 1
| #define HAVE_STDLIB_H 1
| #define HAVE_STRING_H 1
| #define HAVE_MEMORY_H 1
| #define HAVE_STRINGS_H 1
| #define HAVE_INTTYPES_H 1
| #define HAVE_STDINT_H 1
| #define HAVE_UNISTD_H 1
| #define HAVE_DLFCN_H 1
| #define LT_OBJDIR ".libs/"
| #define HAVE_PTHREAD 1
| #define HAVE___SYNC_BOOL_COMPARE_AND_SWAP 1
| #define HAVE___SYNC_ADD_AND_FETCH 1
| #define STDC_HEADERS 1
| #define HAVE_MALLOC_H 1
| #define HAVE_MEMORY_H 1
| #define HAVE_STDLIB_H 1
| #define HAVE_STRING_H 1
| #define HAVE_UNISTD_H 1
| #define HAVE__BOOL 1
| #define HAVE_STDBOOL_H 1
| #define HAVE_STDLIB_H 1
| #define HAVE_MALLOC 1
| #define TIME_WITH_SYS_TIME 1
| #define HAVE_SYS_TIME_H 1
| #define HAVE_UNISTD_H 1
| #define HAVE_ALARM 1
| #define HAVE_STDLIB_H 1
| #define HAVE_REALLOC 1
| #define HAVE_STRFTIME 1
| #define HAVE_VPRINTF 1
| #define HAVE_ATEXIT 1
| #define HAVE_GETCWD 1
| #define HAVE_MEMSET 1
| #define HAVE_PUTENV 1
| /* end confdefs.h.  */
| /* Define sqrt to an innocuous variant, in case <limits.h> declares sqrt.
|    For example, HP-UX 11i <limits.h> declares gettimeofday.  */
| #define sqrt innocuous_sqrt
| 
| /* System header to define __stub macros and hopefully few prototypes,
|     which can conflict with char sqrt (); below.
|     Prefer <limits.h> to <assert.h> if __STDC__ is defined, since
|     <limits.h> exists even on freestanding compilers.  */
| 
| #ifdef __STDC__
| # include <limits.h>
| #else
| # include <assert.h>
| #endif
| 
| #undef sqrt
| 
| /* Override any GCC internal prototype to avoid an error.
|    Use char because int might match the return type of a GCC
|    builtin and then its argument prototype would still apply.  */
| #ifdef __cplusplus
| extern "C"
| #endif
| char sqrt ();
| /* The GNU C library defines this for functions which it implements
|     to always fail with ENOSYS.  Some functions are actually named
|     something starting with __ and the normal name is an alias.  */
| #if defined __stub_sqrt || defined __stub___sqrt
| choke me
| #endif
| 
| int
| main ()
| {
| return sqrt ();
|   ;
|   return 0;
| }
configure:19612: result: no
configure:19612: checking for strchr
configure:19612: gcc -o conftest   -I/home/mike/src/gridlab-d/core -g -O0 -march=i686   -I/home/mike/src/gridlab-d/core -g -O0 -march=i686 -D_NO_CPPUNIT  -Wl,--no-undefined conftest.c -ldl >&5
conftest.c:73:6: warning: conflicting types for built-in function 'strchr' [enabled by default]
configure:19612: $? = 0
configure:19612: result: yes
configure:19612: checking for strerror
configure:19612: gcc -o conftest   -I/home/mike/src/gridlab-d/core -g -O0 -march=i686   -I/home/mike/src/gridlab-d/core -g -O0 -march=i686 -D_NO_CPPUNIT  -Wl,--no-undefined conftest.c -ldl >&5
configure:19612: $? = 0
configure:19612: result: yes
configure:19612: checking for strrchr
configure:19612: gcc -o conftest   -I/home/mike/src/gridlab-d/core -g -O0 -march=i686   -I/home/mike/src/gridlab-d/core -g -O0 -march=i686 -D_NO_CPPUNIT  -Wl,--no-undefined conftest.c -ldl >&5
conftest.c:75:6: warning: conflicting types for built-in function 'strrchr' [enabled by default]
configure:19612: $? = 0
configure:19612: result: yes
configure:19612: checking for tzset
configure:19612: gcc -o conftest   -I/home/mike/src/gridlab-d/core -g -O0 -march=i686   -I/home/mike/src/gridlab-d/core -g -O0 -march=i686 -D_NO_CPPUNIT  -Wl,--no-undefined conftest.c -ldl >&5
configure:19612: $? = 0
configure:19612: result: yes
configure:19644: checking for pthread_join in LIBS= with CFLAGS=-pthread
configure:19664: gcc -o conftest   -I/home/mike/src/gridlab-d/core -g -O0 -march=i686 -pthread   -I/home/mike/src/gridlab-d/core -g -O0 -march=i686 -D_NO_CPPUNIT  -Wl,--no-undefined conftest.c  -ldl >&5
configure:19664: $? = 0
configure:19669: result: yes
configure:19847: checking for joinable pthread attribute
configure:19862: gcc -o conftest   -I/home/mike/src/gridlab-d/core -g -O0 -march=i686 -pthread   -I/home/mike/src/gridlab-d/core -g -O0 -march=i686 -D_NO_CPPUNIT  -Wl,--no-undefined conftest.c  -ldl >&5
configure:19862: $? = 0
configure:19868: result: PTHREAD_CREATE_JOINABLE
configure:19878: checking if more special flags are required for pthreads
configure:19885: result: no
configure:19968: checking for get_nprocs
configure:19975: gcc -c   -I/home/mike/src/gridlab-d/core -g -O0 -march=i686   -I/home/mike/src/gridlab-d/core -g -O0 -march=i686 -D_NO_CPPUNIT conftest.c >&5
configure:19975: $? = 0
configure:19976: result: yes
configure:20227: creating ./config.status
configure:22761: WARNING: libxerces-c version may not be suitable for building gridlabd: 3.1.1
configure:22799: result:
-----------------------------------------------------------------------

  gridlabd 2.2.0.3223M: Automatic configuration OK.

  Dependencies:

    Doxygen: .................... no
    libcppunit: ................. no
    libxerces-c: ................ yes

  Atomic Builtins:

    __sync_bool_compare_and_swap: yes
    __sync_add_and_fetch: ....... yes

  Installation paths:

    Scripts: .................... /usr/bin
    Libraries: .................. /usr/lib/gridlabd
    Documentation: .............. /usr/share/doc/gridlabd

  Building:

    type 'make' to compile gridlabd.
    type 'make install' to install gridlabd.
    type 'make install DESTDIR=ROOT' to install gridlabd in ROOT.

-----------------------------------------------------------------------


## ---------------- ##
## Cache variables. ##
## ---------------- ##

ac_cv_build=i686-pc-linux-gnu
ac_cv_c_compiler_gnu=yes
ac_cv_c_const=yes
ac_cv_c_inline=inline
ac_cv_cxx_compiler_gnu=yes
ac_cv_env_CCC_set=
ac_cv_env_CCC_value=
ac_cv_env_CC_set=
ac_cv_env_CC_value=
ac_cv_env_CFLAGS_set=
ac_cv_env_CFLAGS_value=
ac_cv_env_CPPFLAGS_set=
ac_cv_env_CPPFLAGS_value=
ac_cv_env_CPP_set=
ac_cv_env_CPP_value=
ac_cv_env_CXXCPP_set=
ac_cv_env_CXXCPP_value=
ac_cv_env_CXXFLAGS_set=
ac_cv_env_CXXFLAGS_value=
ac_cv_env_CXX_set=
ac_cv_env_CXX_value=
ac_cv_env_DOXYGEN_PAPER_SIZE_set=
ac_cv_env_DOXYGEN_PAPER_SIZE_value=
ac_cv_env_LDFLAGS_set=
ac_cv_env_LDFLAGS_value=
ac_cv_env_LIBS_set=set
ac_cv_env_LIBS_value=-ldl
ac_cv_env_build_alias_set=
ac_cv_env_build_alias_value=
ac_cv_env_host_alias_set=
ac_cv_env_host_alias_value=
ac_cv_env_target_alias_set=
ac_cv_env_target_alias_value=
ac_cv_func__doprnt=no
ac_cv_func_alarm=yes
ac_cv_func_atexit=yes
ac_cv_func_getcwd=yes
ac_cv_func_isfinite=no
ac_cv_func_malloc_0_nonnull=yes
ac_cv_func_memset=yes
ac_cv_func_pow=no
ac_cv_func_putenv=yes
ac_cv_func_realloc_0_nonnull=yes
ac_cv_func_sqrt=no
ac_cv_func_strchr=yes
ac_cv_func_strerror=yes
ac_cv_func_strftime=yes
ac_cv_func_strrchr=yes
ac_cv_func_tzset=yes
ac_cv_func_vprintf=yes
ac_cv_func_working_mktime=yes
ac_cv_header_dlfcn_h=yes
ac_cv_header_inttypes_h=yes
ac_cv_header_malloc_h=yes
ac_cv_header_memory_h=yes
ac_cv_header_stdbool_h=yes
ac_cv_header_stdc=yes
ac_cv_header_stdint_h=yes
ac_cv_header_stdlib_h=yes
ac_cv_header_string_h=yes
ac_cv_header_strings_h=yes
ac_cv_header_sys_stat_h=yes
ac_cv_header_sys_time_h=yes
ac_cv_header_sys_types_h=yes
ac_cv_header_time=yes
ac_cv_header_unistd_h=yes
ac_cv_host=i686-pc-linux-gnu
ac_cv_objext=o
ac_cv_path_CPPUNIT_CONFIG=no
ac_cv_path_EGREP='/bin/grep -E'
ac_cv_path_FGREP='/bin/grep -F'
ac_cv_path_GREP=/bin/grep
ac_cv_path_SED=/bin/sed
ac_cv_path_ac_pt_DX_PERL=/usr/bin/perl
ac_cv_path_install='/usr/bin/install -c'
ac_cv_path_mkdir=/bin/mkdir
ac_cv_prog_AWK=mawk
ac_cv_prog_CPP='gcc -E'
ac_cv_prog_CXXCPP='g++ -E'
ac_cv_prog_ac_ct_AR=ar
ac_cv_prog_ac_ct_CC=gcc
ac_cv_prog_ac_ct_CXX=g++
ac_cv_prog_ac_ct_MANIFEST_TOOL=mt
ac_cv_prog_ac_ct_OBJDUMP=objdump
ac_cv_prog_ac_ct_RANLIB=ranlib
ac_cv_prog_ac_ct_STRIP=strip
ac_cv_prog_cc_c89=
ac_cv_prog_cc_g=yes
ac_cv_prog_cxx_g=yes
ac_cv_prog_make_make_set=yes
ac_cv_struct_tm=time.h
ac_cv_type__Bool=yes
am_cv_CC_dependencies_compiler_type=gcc3
am_cv_CXX_dependencies_compiler_type=gcc3
lt_cv_ar_at_file=@
lt_cv_archive_cmds_need_lc=no
lt_cv_deplibs_check_method=pass_all
lt_cv_file_magic_cmd='$MAGIC_CMD'
lt_cv_file_magic_test_file=
lt_cv_ld_reload_flag=-r
lt_cv_nm_interface='BSD nm'
lt_cv_objdir=.libs
lt_cv_path_LD=/usr/bin/ld
lt_cv_path_LDCXX=/usr/bin/ld
lt_cv_path_NM='/usr/bin/nm -B'
lt_cv_path_mainfest_tool=no
lt_cv_prog_compiler_c_o=yes
lt_cv_prog_compiler_c_o_CXX=yes
lt_cv_prog_compiler_pic='-fPIC -DPIC'
lt_cv_prog_compiler_pic_CXX='-fPIC -DPIC'
lt_cv_prog_compiler_pic_works=yes
lt_cv_prog_compiler_pic_works_CXX=yes
lt_cv_prog_compiler_rtti_exceptions=no
lt_cv_prog_compiler_static_works=yes
lt_cv_prog_compiler_static_works_CXX=yes
lt_cv_prog_gnu_ld=yes
lt_cv_prog_gnu_ldcxx=yes
lt_cv_sharedlib_from_linklib_cmd='printf %s\n'
lt_cv_shlibpath_overrides_runpath=no
lt_cv_sys_global_symbol_pipe='sed -n -e '\''s/^.*[	 ]\([ABCDGIRSTW][ABCDGIRSTW]*\)[	 ][	 ]*\([_A-Za-z][_A-Za-z0-9]*\)$/\1 \2 \2/p'\'' | sed '\''/ __gnu_lto/d'\'''
lt_cv_sys_global_symbol_to_c_name_address='sed -n -e '\''s/^: \([^ ]*\)[ ]*$/  {\"\1\", (void *) 0},/p'\'' -e '\''s/^[ABCDGIRSTW]* \([^ ]*\) \([^ ]*\)$/  {"\2", (void *) \&\2},/p'\'''
lt_cv_sys_global_symbol_to_c_name_address_lib_prefix='sed -n -e '\''s/^: \([^ ]*\)[ ]*$/  {\"\1\", (void *) 0},/p'\'' -e '\''s/^[ABCDGIRSTW]* \([^ ]*\) \(lib[^ ]*\)$/  {"\2", (void *) \&\2},/p'\'' -e '\''s/^[ABCDGIRSTW]* \([^ ]*\) \([^ ]*\)$/  {"lib\2", (void *) \&\2},/p'\'''
lt_cv_sys_global_symbol_to_cdecl='sed -n -e '\''s/^T .* \(.*\)$/extern int \1();/p'\'' -e '\''s/^[ABCDGIRSTW]* .* \(.*\)$/extern char \1;/p'\'''
lt_cv_sys_max_cmd_len=805306365
lt_cv_to_host_file_cmd=func_convert_file_noop
lt_cv_to_tool_file_cmd=func_convert_file_noop

## ----------------- ##
## Output variables. ##
## ----------------- ##

ACLOCAL='${SHELL} /home/mike/src/gridlab-d/missing --run aclocal-1.11'
AMDEPBACKSLASH='\'
AMDEP_FALSE='#'
AMDEP_TRUE=''
AMTAR='$${TAR-tar}'
AR='ar'
AS=''
AUTOCONF='${SHELL} /home/mike/src/gridlab-d/missing --run autoconf'
AUTOHEADER='${SHELL} /home/mike/src/gridlab-d/missing --run autoheader'
AUTOMAKE='${SHELL} /home/mike/src/gridlab-d/missing --run automake-1.11'
AWK='mawk'
CC='gcc'
CCDEPMODE='depmode=gcc3'
CFLAGS='  -I/home/mike/src/gridlab-d/core -g -O0 -march=i686'
CPP='gcc -E'
CPPFLAGS='  -I/home/mike/src/gridlab-d/core -g -O0 -march=i686 -D_NO_CPPUNIT'
CPPUNIT_CFLAGS=''
CPPUNIT_CONFIG='no'
CPPUNIT_LIBS=''
CXX='g++'
CXXCPP='g++ -E'
CXXDEPMODE='depmode=gcc3'
CXXFLAGS='  -I/home/mike/src/gridlab-d/core -g -O0 -march=i686'
CYGPATH_W='echo'
DEFS='-DHAVE_CONFIG_H'
DEPDIR='.deps'
DLLTOOL='false'
DOXYGEN_PAPER_SIZE=''
DSYMUTIL=''
DUMPBIN=''
DX_COND_chi_FALSE=''
DX_COND_chi_TRUE='#'
DX_COND_chm_FALSE=''
DX_COND_chm_TRUE='#'
DX_COND_doc_FALSE=''
DX_COND_doc_TRUE='#'
DX_COND_dot_FALSE=''
DX_COND_dot_TRUE='#'
DX_COND_html_FALSE=''
DX_COND_html_TRUE='#'
DX_COND_latex_FALSE=''
DX_COND_latex_TRUE='#'
DX_COND_man_FALSE=''
DX_COND_man_TRUE='#'
DX_COND_pdf_FALSE=''
DX_COND_pdf_TRUE='#'
DX_COND_ps_FALSE=''
DX_COND_ps_TRUE='#'
DX_COND_rtf_FALSE=''
DX_COND_rtf_TRUE='#'
DX_COND_xml_FALSE=''
DX_COND_xml_TRUE='#'
DX_CONFIG='doxygen/gridlabd.conf'
DX_DOCDIR='doxygen-doc'
DX_DOT=''
DX_DOXYGEN=''
DX_DVIPS=''
DX_EGREP=''
DX_ENV=' SRCDIR='\''.'\'' PROJECT='\''gridlabd'\'' DOCDIR='\''doxygen-doc'\'' VERSION='\''2.2.0.3223M'\'' HAVE_DOT='\''NO'\'' GENERATE_MAN='\''NO'\'' GENERATE_RTF='\''NO'\'' GENERATE_XML='\''NO'\'' GENERATE_HTMLHELP='\''NO'\'' GENERATE_CHI='\''NO'\'' GENERATE_HTML='\''NO'\'' GENERATE_LATEX='\''NO'\'''
DX_FLAG_chi='0'
DX_FLAG_chm='0'
DX_FLAG_doc='0'
DX_FLAG_dot='0'
DX_FLAG_html='0'
DX_FLAG_man='0'
DX_FLAG_pdf='0'
DX_FLAG_ps='0'
DX_FLAG_rtf='0'
DX_FLAG_xml='0'
DX_HHC=''
DX_LATEX=''
DX_MAKEINDEX=''
DX_PDFLATEX=''
DX_PERL='/usr/bin/perl'
DX_PROJECT='gridlabd'
ECHO_C=''
ECHO_N='-n'
ECHO_T=''
EGREP='/bin/grep -E'
EXEEXT=''
FGREP='/bin/grep -F'
GREP='/bin/grep'
HAVE_XERCES='yes'
INSTALL_DATA='${INSTALL} -m 644'
INSTALL_PROGRAM='${INSTALL}'
INSTALL_SCRIPT='${INSTALL}'
INSTALL_STRIP_PROGRAM='$(install_sh) -c -s'
LD='/usr/bin/ld'
LDFLAGS=' -Wl,--no-undefined'
LIBEXT='.so'
LIBOBJS=''
LIBS='-ldl'
LIBTOOL='$(SHELL) $(top_builddir)/libtool'
LIPO=''
LN_S='ln -s'
LTLIBOBJS=''
MAKEINFO='${SHELL} /home/mike/src/gridlab-d/missing --run makeinfo'
MANIFEST_TOOL=':'
MISSING_XERCES_FALSE=''
MISSING_XERCES_TRUE='#'
MKDIR_P='/bin/mkdir -p'
NM='/usr/bin/nm -B'
NMEDIT=''
OBJDUMP='objdump'
OBJEXT='o'
OTOOL64=''
OTOOL=''
PACKAGE='gridlabd'
PACKAGE_BASEVERSION='2.2.0'
PACKAGE_BRANCH=''
PACKAGE_BUGREPORT='David Chassin <david.chassin@pnl.gov>'
PACKAGE_NAME='Gridlab-D'
PACKAGE_REVISION='3223M'
PACKAGE_STRING='Gridlab-D 2.2.0.3223M'
PACKAGE_TARNAME='gridlabd'
PACKAGE_URL=''
PACKAGE_VERSION='2.2.0.3223M'
PATH_SEPARATOR=':'
PTHREAD_CC='gcc'
PTHREAD_CFLAGS='-pthread'
PTHREAD_LIBS=''
RANLIB='ranlib'
SED='/bin/sed'
SET_MAKE=''
SHELL='/bin/bash'
STRIP='strip'
VERSION='2.2.0.3223M'
XERCES_CPPFLAGS='-I/usr/include -I/usr/include/xercesc'
XERCES_LDFLAGS='-L/usr/lib '
XERCES_LIBS='-lxerces-c '
XERCES_VERSION='3.1.1'
ac_ct_AR='ar'
ac_ct_CC='gcc'
ac_ct_CXX='g++'
ac_ct_DUMPBIN=''
acx_pthread_config=''
am__EXEEXT_FALSE=''
am__EXEEXT_TRUE='#'
am__fastdepCC_FALSE='#'
am__fastdepCC_TRUE=''
am__fastdepCXX_FALSE='#'
am__fastdepCXX_TRUE=''
am__include='include'
am__isrc=''
am__leading_dot='.'
am__nodep='_no'
am__quote=''
am__tar='$${TAR-tar} chof - "$$tardir"'
am__untar='$${TAR-tar} xf -'
bindir='${exec_prefix}/bin'
build='i686-pc-linux-gnu'
build_alias=''
build_cpu='i686'
build_os='linux-gnu'
build_vendor='pc'
datadir='${datarootdir}'
datarootdir='${prefix}/share'
docdir='${datarootdir}/doc/${PACKAGE_TARNAME}'
dvidir='${docdir}'
exec_prefix='${prefix}'
host='i686-pc-linux-gnu'
host_alias=''
host_cpu='i686'
host_os='linux-gnu'
host_vendor='pc'
htmldir='${docdir}'
includedir='${prefix}/include'
infodir='${datarootdir}/info'
install_sh='${SHELL} /home/mike/src/gridlab-d/install-sh'
libdir='${exec_prefix}/lib'
libexecdir='${exec_prefix}/libexec'
localedir='${datarootdir}/locale'
localstatedir='${prefix}/var'
mandir='${datarootdir}/man'
mkdir_p='/bin/mkdir -p'
oldincludedir='/usr/include'
pdfdir='${docdir}'
prefix='/usr'
program_transform_name='s,x,x,'
psdir='${docdir}'
sbindir='${exec_prefix}/sbin'
sharedstatedir='${prefix}/com'
sysconfdir='${prefix}/etc'
target_alias=''

## ----------- ##
## confdefs.h. ##
## ----------- ##

/* confdefs.h */
#define PACKAGE_NAME "Gridlab-D"
#define PACKAGE_TARNAME "gridlabd"
#define PACKAGE_VERSION "2.2.0.3223M"
#define PACKAGE_STRING "Gridlab-D 2.2.0.3223M"
#define PACKAGE_BUGREPORT "David Chassin <david.chassin@pnl.gov>"
#define PACKAGE_URL ""
#define PACKAGE "gridlabd"
#define VERSION "2.2.0.3223M"
#define REALTIME_LDFLAGS "-export-all-symbols"
#define DLEXT ".so"
#define STDC_HEADERS 1
#define HAVE_SYS_TYPES_H 1
#define HAVE_SYS_STAT_H 1
#define HAVE_STDLIB_H 1
#define HAVE_STRING_H 1
#define HAVE_MEMORY_H 1
#define HAVE_STRINGS_H 1
#define HAVE_INTTYPES_H 1
#define HAVE_STDINT_H 1
#define HAVE_UNISTD_H 1
#define HAVE_DLFCN_H 1
#define LT_OBJDIR ".libs/"
#define HAVE_PTHREAD 1
#define HAVE___SYNC_BOOL_COMPARE_AND_SWAP 1
#define HAVE___SYNC_ADD_AND_FETCH 1
#define STDC_HEADERS 1
#define HAVE_MALLOC_H 1
#define HAVE_MEMORY_H 1
#define HAVE_STDLIB_H 1
#define HAVE_STRING_H 1
#define HAVE_UNISTD_H 1
#define HAVE__BOOL 1
#define HAVE_STDBOOL_H 1
#define HAVE_STDLIB_H 1
#define HAVE_MALLOC 1
#define TIME_WITH_SYS_TIME 1
#define HAVE_SYS_TIME_H 1
#define HAVE_UNISTD_H 1
#define HAVE_ALARM 1
#define HAVE_STDLIB_H 1
#define HAVE_REALLOC 1
#define HAVE_STRFTIME 1
#define HAVE_VPRINTF 1
#define HAVE_ATEXIT 1
#define HAVE_GETCWD 1
#define HAVE_MEMSET 1
#define HAVE_PUTENV 1
#define HAVE_STRCHR 1
#define HAVE_STRERROR 1
#define HAVE_STRRCHR 1
#define HAVE_TZSET 1
#define HAVE_PTHREAD 1
#define HAVE_GET_NPROCS 1

configure: exit 0

## ---------------------- ##
## Running config.status. ##
## ---------------------- ##

This file was extended by Gridlab-D config.status 2.2.0.3223M, which was
generated by GNU Autoconf 2.68.  Invocation command line was

  CONFIG_FILES    = 
  CONFIG_HEADERS  = 
  CONFIG_LINKS    = 
  CONFIG_COMMANDS = 
  $ ./config.status 

on mikes-laptop

config.status:1270: creating ./Makefile
config.status:1270: creating core/Makefile
config.status:1270: creating core/rt/Makefile
config.status:1270: creating assert/Makefile
config.status:1270: creating climate/Makefile
config.status:1270: creating climate/tmy/Makefile
config.status:1270: creating commercial/Makefile
config.status:1270: creating network/Makefile
config.status:1270: creating powerflow/Makefile
config.status:1270: creating residential/Makefile
config.status:1270: creating reliability/Makefile
config.status:1270: creating generators/Makefile
config.status:1270: creating plc/Makefile
config.status:1270: creating market/Makefile
config.status:1270: creating tape_file/Makefile
config.status:1270: creating tape_plot/Makefile
config.status:1270: creating tape/Makefile
config.status:1270: creating third_party/CBLAS/Makefile
config.status:1270: creating third_party/superLU_MT/Makefile
config.status:1270: creating gridlabd.spec
config.status:1270: creating core/config.h
config.status:1451: core/config.h is unchanged
config.status:1499: executing depfiles commands
config.status:1499: executing libtool commands

## ---------------------- ##
## Running config.status. ##
## ---------------------- ##

This file was extended by Gridlab-D config.status 2.2.0.3223M, which was
generated by GNU Autoconf 2.68.  Invocation command line was

  CONFIG_FILES    = 
  CONFIG_HEADERS  = 
  CONFIG_LINKS    = 
  CONFIG_COMMANDS = 
  $ ./config.status core/config.h

on mikes-laptop

config.status:1270: creating core/config.h
config.status:1451: core/config.h is unchanged
